


 CLUSTAL 2.1 Multiple Sequence Alignments


Sequence format is Pearson
Sequence 1: KU986241.1_Ambystoma_opacum          607 bp
Sequence 2: MN135418.1_Ambystoma_texanum         658 bp
Sequence 3: KU986212.1_Ambystoma_tigrinum        655 bp
Sequence 4: KU986196.1_Ambystoma_californiense   655 bp
Sequence 5: KU986169.1_Ambystoma_cingulatum      650 bp
Sequence 6: MG421393.1_Ambystoma_macrodactylum   658 bp
Sequence 7: KU986254.1_Ambystoma_annulatum       655 bp
Sequence 8: MN135584.1_Ambystoma_maculatum       658 bp
Sequence 9: KU985600.1_Ambystoma_mabeei          437 bp
Sequence 10: KU985936.1_Dicamptodon_ensatus       655 bp
Start of Pairwise alignments
Aligning...

Sequences (1:2) Aligned. Score:  85
Sequences (1:3) Aligned. Score:  85
Sequences (1:4) Aligned. Score:  85
Sequences (1:5) Aligned. Score:  85
Sequences (1:6) Aligned. Score:  86
Sequences (1:7) Aligned. Score:  85
Sequences (1:8) Aligned. Score:  83
Sequences (1:9) Aligned. Score:  75
Sequences (1:10) Aligned. Score:  80
Sequences (2:3) Aligned. Score:  87
Sequences (2:4) Aligned. Score:  86
Sequences (2:5) Aligned. Score:  87
Sequences (2:6) Aligned. Score:  87
Sequences (2:7) Aligned. Score:  87
Sequences (2:8) Aligned. Score:  82
Sequences (2:9) Aligned. Score:  86
Sequences (2:10) Aligned. Score:  81
Sequences (3:4) Aligned. Score:  92
Sequences (3:5) Aligned. Score:  86
Sequences (3:6) Aligned. Score:  86
Sequences (3:7) Aligned. Score:  87
Sequences (3:8) Aligned. Score:  83
Sequences (3:9) Aligned. Score:  85
Sequences (3:10) Aligned. Score:  78
Sequences (4:5) Aligned. Score:  85
Sequences (4:6) Aligned. Score:  86
Sequences (4:7) Aligned. Score:  87
Sequences (4:8) Aligned. Score:  81
Sequences (4:9) Aligned. Score:  85
Sequences (4:10) Aligned. Score:  78
Sequences (5:6) Aligned. Score:  87
Sequences (5:7) Aligned. Score:  85
Sequences (5:8) Aligned. Score:  82
Sequences (5:9) Aligned. Score:  82
Sequences (5:10) Aligned. Score:  80
Sequences (6:7) Aligned. Score:  87
Sequences (6:8) Aligned. Score:  84
Sequences (6:9) Aligned. Score:  84
Sequences (6:10) Aligned. Score:  80
Sequences (7:8) Aligned. Score:  83
Sequences (7:9) Aligned. Score:  85
Sequences (7:10) Aligned. Score:  79
Sequences (8:9) Aligned. Score:  79
Sequences (8:10) Aligned. Score:  79
Sequences (9:10) Aligned. Score:  77
Guide tree file created:   [project/COI.dnd]

There are 9 groups
Start of Multiple Alignment

Aligning...
Group 1: Sequences:   2      Score:11894
Group 2: Sequences:   3      Score:7395
Group 3: Sequences:   4      Score:9528
Group 4: Sequences:   5      Score:9994
Group 5: Sequences:   6      Score:10024
Group 6: Sequences:   7      Score:10395
Group 7: Sequences:   8      Score:9648
Group 8: Sequences:   9      Score:10186
Group 9: Sequences:  10      Score:9907
Alignment Score 154717

CLUSTAL-Alignment file created  [project/COI.aln]

