


 CLUSTAL 2.1 Multiple Sequence Alignments


Sequence format is Pearson
Sequence 1: KC870877.1_Ambystoma_texanum        1179 bp
Sequence 2: KC870871.1_Ambystoma_opacum         1042 bp
Sequence 3: KC870881.1_Ambystoma_tigrinum       1179 bp
Sequence 4: KC870854.1_Ambystoma_californiense  1179 bp
Sequence 5: KC870856.1_Ambystoma_cingulatum     1173 bp
Sequence 6: KC870865.1_Ambystoma_macrodactylum  1180 bp
Sequence 7: KC870849.1_Ambystoma_annulatum      1175 bp
Sequence 8: KC870868.1_Ambystoma_maculatum      1176 bp
Sequence 9: KC870863.1_Ambystoma_mabeei         1179 bp
Sequence 10: KC870882.1_Dicamptodon_copei        1177 bp
Start of Pairwise alignments
Aligning...

Sequences (1:2) Aligned. Score:  84
Sequences (1:3) Aligned. Score:  87
Sequences (1:4) Aligned. Score:  86
Sequences (1:5) Aligned. Score:  86
Sequences (1:6) Aligned. Score:  86
Sequences (1:7) Aligned. Score:  86
Sequences (1:8) Aligned. Score:  82
Sequences (1:9) Aligned. Score:  88
Sequences (1:10) Aligned. Score:  42
Sequences (2:3) Aligned. Score:  85
Sequences (2:4) Aligned. Score:  84
Sequences (2:5) Aligned. Score:  82
Sequences (2:6) Aligned. Score:  87
Sequences (2:7) Aligned. Score:  84
Sequences (2:8) Aligned. Score:  81
Sequences (2:9) Aligned. Score:  85
Sequences (2:10) Aligned. Score:  36
Sequences (3:4) Aligned. Score:  92
Sequences (3:5) Aligned. Score:  85
Sequences (3:6) Aligned. Score:  87
Sequences (3:7) Aligned. Score:  87
Sequences (3:8) Aligned. Score:  83
Sequences (3:9) Aligned. Score:  87
Sequences (3:10) Aligned. Score:  42
Sequences (4:5) Aligned. Score:  85
Sequences (4:6) Aligned. Score:  87
Sequences (4:7) Aligned. Score:  85
Sequences (4:8) Aligned. Score:  83
Sequences (4:9) Aligned. Score:  87
Sequences (4:10) Aligned. Score:  43
Sequences (5:6) Aligned. Score:  85
Sequences (5:7) Aligned. Score:  85
Sequences (5:8) Aligned. Score:  81
Sequences (5:9) Aligned. Score:  86
Sequences (5:10) Aligned. Score:  43
Sequences (6:7) Aligned. Score:  85
Sequences (6:8) Aligned. Score:  85
Sequences (6:9) Aligned. Score:  87
Sequences (6:10) Aligned. Score:  42
Sequences (7:8) Aligned. Score:  81
Sequences (7:9) Aligned. Score:  85
Sequences (7:10) Aligned. Score:  42
Sequences (8:9) Aligned. Score:  85
Sequences (8:10) Aligned. Score:  43
Sequences (9:10) Aligned. Score:  43
Guide tree file created:   [project/NADH.dnd]

There are 9 groups
Start of Multiple Alignment

Aligning...
Group 1: Sequences:   2      Score:18240
Group 2: Sequences:   2      Score:21375
Group 3: Sequences:   4      Score:18994
Group 4: Sequences:   2      Score:20097
Group 5: Sequences:   3      Score:20325
Group 6: Sequences:   7      Score:19198
Group 7: Sequences:   8      Score:20023
Group 8: Sequences:   9      Score:19474
Group 9: Sequences:  10      Score:18972
Alignment Score 250365

CLUSTAL-Alignment file created  [project/NADH.aln]

