
PROGRAM: T-COFFEE Version_11.00.8cbe486 (2014-08-12 22:05:29 - Revision 8cbe486 - Build 477)
-full_log      	S	[0] 
-genepred_score	S	[0] 	nsd
-run_name      	S	[1] 	out/t_coffee/SUP35_250seqs.aln
-mem_mode      	S	[0] 	mem
-extend        	D	[1] 	1 
-extend_mode   	S	[0] 	very_fast_triplet
-max_n_pair    	D	[0] 	10 
-seq_name_for_quadruplet	S	[0] 	all
-compact       	S	[0] 	default
-clean         	S	[0] 	no
-do_self       	FL	[0] 	0
-do_normalise  	D	[0] 	1000 
-template_file 	S	[0] 
-setenv        	S	[0] 	0
-template_mode 	S	[0] 
-flip          	D	[0] 	0 
-remove_template_file	D	[0] 	0 
-profile_template_file	S	[0] 
-in            	S	[0] 
-seq           	S	[1] 	data/SUP35_250seqs.fsa
-aln           	S	[0] 
-method_limits 	S	[0] 
-method        	S	[0] 
-lib           	S	[0] 
-profile       	S	[0] 
-profile1      	S	[0] 
-profile2      	S	[0] 
-pdb           	S	[0] 
-relax_lib     	D	[0] 	1 
-filter_lib    	D	[0] 	0 
-shrink_lib    	D	[0] 	0 
-out_lib       	W_F	[0] 	no
-out_lib_mode  	S	[0] 	primary
-lib_only      	D	[0] 	0 
-outseqweight  	W_F	[0] 	no
-dpa           	FL	[0] 	0
-seq_source    	S	[0] 	ANY
-cosmetic_penalty	D	[0] 	0 
-gapopen       	D	[0] 	0 
-gapext        	D	[0] 	0 
-fgapopen      	D	[0] 	0 
-fgapext       	D	[0] 	0 
-nomatch       	D	[0] 	0 
-newtree       	W_F	[0] 	default
-tree          	W_F	[0] 	NO
-usetree       	R_F	[0] 
-tree_mode     	S	[0] 	nj
-distance_matrix_mode	S	[0] 	ktup
-distance_matrix_sim_mode	S	[0] 	idmat_sim1
-quicktree     	FL	[0] 	0
-outfile       	W_F	[0] 	default
-maximise      	FL	[1] 	1
-output        	S	[0] 	aln	html
-len           	D	[0] 	0 
-infile        	R_F	[0] 
-matrix        	S	[0] 	default
-tg_mode       	D	[0] 	1 
-profile_mode  	S	[0] 	cw_profile_profile
-profile_comparison	S	[0] 	profile
-dp_mode       	S	[0] 	linked_pair_wise
-ktuple        	D	[0] 	1 
-ndiag         	D	[0] 	0 
-diag_threshold	D	[0] 	0 
-diag_mode     	D	[0] 	0 
-sim_matrix    	S	[0] 	vasiliky
-transform     	S	[0] 
-extend_seq    	FL	[0] 	0
-outorder      	S	[0] 	input
-inorder       	S	[0] 	aligned
-seqnos        	S	[0] 	off
-case          	S	[0] 	keep
-cpu           	D	[0] 	0 
-ulimit        	D	[0] 	-1 
-maxnseq       	D	[0] 	-1 
-maxlen        	D	[0] 	-1 
-sample_dp     	D	[0] 	0 
-weight        	S	[0] 	default
-seq_weight    	S	[0] 	no
-align         	FL	[1] 	1
-mocca         	FL	[0] 	0
-domain        	FL	[0] 	0
-start         	D	[0] 	0 
-len           	D	[0] 	0 
-scale         	D	[0] 	0 
-mocca_interactive	FL	[0] 	0
-method_evaluate_mode	S	[0] 	default
-evaluate_mode 	S	[0] 	triplet
-get_type      	FL	[0] 	0
-clean_aln     	D	[0] 	0 
-clean_threshold	D	[1] 	1 
-clean_iteration	D	[1] 	1 
-clean_evaluate_mode	S	[0] 	t_coffee_fast
-extend_matrix 	FL	[0] 	0
-prot_min_sim  	D	[40] 	40 
-prot_max_sim  	D	[90] 	90 
-prot_min_cov  	D	[40] 	40 
-pdb_type      	S	[0] 	d
-pdb_min_sim   	D	[35] 	35 
-pdb_max_sim   	D	[100] 	100 
-pdb_min_cov   	D	[50] 	50 
-pdb_blast_server	W_F	[0] 	EBI
-blast         	W_F	[0] 
-blast_server  	W_F	[0] 	EBI
-pdb_db        	W_F	[0] 	pdb
-protein_db    	W_F	[0] 	uniprot
-method_log    	W_F	[0] 	no
-struc_to_use  	S	[0] 
-cache         	W_F	[0] 	use
-align_pdb_param_file	W_F	[0] 	no
-align_pdb_hasch_mode	W_F	[0] 	hasch_ca_trace_bubble
-external_aligner	S	[0] 	NO
-msa_mode      	S	[0] 	tree
-master        	S	[0] 	no
-blast_nseq    	D	[0] 	0 
-lalign_n_top  	D	[0] 	10 
-iterate       	D	[0] 	0 
-trim          	D	[0] 	0 
-split         	D	[0] 	0 
-trimfile      	S	[0] 	default
-split         	D	[0] 	0 
-split_nseq_thres	D	[0] 	0 
-split_score_thres	D	[0] 	0 
-check_pdb_status	D	[0] 	0 
-clean_seq_name	D	[0] 	0 
-seq_to_keep   	S	[0] 
-dpa_master_aln	S	[0] 
-dpa_maxnseq   	D	[0] 	0 
-dpa_min_score1	D	[0] 
-dpa_min_score2	D	[0] 
-dpa_keep_tmpfile	FL	[0] 	0
-dpa_debug     	D	[0] 	0 
-multi_core    	S	[0] 	templates_jobs_relax_msa_evaluate
-n_core        	D	[0] 	0 
-max_n_proc    	D	[0] 	0 
-lib_list      	S	[0] 
-prune_lib_mode	S	[0] 	5
-tip           	S	[0] 	none
-rna_lib       	S	[0] 
-no_warning    	D	[0] 	0 
-run_local_script	D	[0] 	0 
-plugins       	S	[0] 	default
-proxy         	S	[0] 	unset
-email         	S	[0] 
-clean_overaln 	D	[0] 	0 
-overaln_param 	S	[0] 
-overaln_mode  	S	[0] 
-overaln_model 	S	[0] 
-overaln_threshold	D	[0] 	0 
-overaln_target	D	[0] 	0 
-overaln_P1    	D	[0] 	0 
-overaln_P2    	D	[0] 	0 
-overaln_P3    	D	[0] 	0 
-overaln_P4    	D	[0] 	0 
-exon_boundaries	S	[0] 
-dump          	S	[0] 	no
-display       	D	[0] 	100 

INPUT FILES
	Input File (S) data/SUP35_250seqs.fsa  Format fasta_seq
	Input File (M) proba_pair 

Identify Master Sequences [no]:

Master Sequences Identified
INPUT SEQUENCES: 250 SEQUENCES  [DNA]
	Multi Core Mode: 32 processors:

	--- Process Method/Library/Aln Sdata/SUP35_250seqs.fsa
	--- Process Method/Library/Aln Mproba_pair
	xxx Retrieved Sdata/SUP35_250seqs.fsa****** Forced interuption of main parent process 24541

********************************************************************************
Command line arguments: ['/mnt/tank/scratch/mfiruleva/phylo/d244044a/bin/t_coffee', 'data/SUP35_250seqs.fsa', '-run_name=out/t_coffee/SUP35_250seqs.aln']
Install folder: /mnt/tank/scratch/mfiruleva/phylo/d244044a/lib/t_coffee-11.0.8
********************************************************************************

Traceback (most recent call last):
  File "/mnt/tank/scratch/mfiruleva/phylo/d244044a/bin/t_coffee", line 11, in <module>
    sys.exit(main())
  File "/mnt/tank/scratch/mfiruleva/phylo/d244044a/lib/python3.7/site-packages/t_coffee/__main__.py", line 23, in main
    result, error_message = child_process.communicate()
  File "/mnt/tank/scratch/mfiruleva/phylo/d244044a/lib/python3.7/subprocess.py", line 956, in communicate
    self.wait()
  File "/mnt/tank/scratch/mfiruleva/phylo/d244044a/lib/python3.7/subprocess.py", line 1019, in wait
    return self._wait(timeout=timeout)
  File "/mnt/tank/scratch/mfiruleva/phylo/d244044a/lib/python3.7/subprocess.py", line 1653, in _wait
    (pid, sts) = self._try_wait(0)
  File "/mnt/tank/scratch/mfiruleva/phylo/d244044a/lib/python3.7/subprocess.py", line 1611, in _try_wait
    (pid, sts) = os.waitpid(self.pid, wait_flags)
KeyboardInterrupt
