   Executing file "input.nexus.compute"
   UNIX line termination
   Longest line length = 2472
   Parsing file
   Expecting NEXUS formatted file
   Reading data block
      Allocated taxon set
      Allocated matrix
      Defining new matrix with 10 taxa and 2460 characters
      Data is Dna
      Data matrix is not interleaved
      Gaps coded as -
      Taxon  1 -> Kla_AB0397
      Taxon  2 -> Agos_ATCC
      Taxon  3 -> Scer_74-D6
      Taxon  4 -> Sbou_uniqu
      Taxon  5 -> Scer_beer0
      Taxon  6 -> Spar_A12_L
      Taxon  7 -> Smik_IFO18
      Taxon  8 -> Sarb_H-6_c
      Taxon  9 -> Skud_IFO18
      Taxon 10 -> Seub_CBS12
      Successfully read matrix
      Setting default partition (does not divide up characters)
      Setting model defaults
      Seed (for generating default start values) = 1602535830
      Setting output file names to "input.nexus.compute.run<i>.<p|t>"
   Exiting data block
   Reading mrbayes block
      Setting autoclose to yes
      Setting nowarnings to yes
      Setting Nst to 6
      Setting Rates to Invgamma
      Setting Nucmodel to 4by4
      Set state frequency prior to default
      Successfully set likelihood model parameters
      Setting number of generations to 100000
      Setting sample frequency to 10
      Running Markov chain
      MCMC stamp = 0418030557
      Seed = 879022482
      Swapseed = 1602535830
      Model settings:

         Data not partitioned --
            Datatype  = DNA
            Nucmodel  = 4by4
            Nst       = 6
                        Substitution rates, expressed as proportions
                        of the rate sum, have a Dirichlet prior
                        (1.00,1.00,1.00,1.00,1.00,1.00)
            Covarion  = No
            # States  = 4
                        State frequencies have a Dirichlet prior
                        (1.00,1.00,1.00,1.00)
            Rates     = Invgamma
                        The distribution is approximated using 4 categories.
                        Likelihood summarized over all rate categories in each generation.
                        Shape parameter is exponentially
                        distributed with parameter (1.00).
                        Proportion of invariable sites is uniformly dist-
                        ributed on the interval (0.00,1.00).

      Active parameters:

         Parameters
         ---------------------
         Revmat              1
         Statefreq           2
         Shape               3
         Pinvar              4
         Ratemultiplier      5
         Topology            6
         Brlens              7
         ---------------------

         1 --  Parameter  = Revmat
               Type       = Rates of reversible rate matrix
               Prior      = Dirichlet(1.00,1.00,1.00,1.00,1.00,1.00)

         2 --  Parameter  = Pi
               Type       = Stationary state frequencies
               Prior      = Dirichlet

         3 --  Parameter  = Alpha
               Type       = Shape of scaled gamma distribution of site rates
               Prior      = Exponential(1.00)

         4 --  Parameter  = Pinvar
               Type       = Proportion of invariable sites
               Prior      = Uniform(0.00,1.00)

         5 --  Parameter  = Ratemultiplier
               Type       = Partition-specific rate multiplier
               Prior      = Fixed(1.0)

         6 --  Parameter  = Tau
               Type       = Topology
               Prior      = All topologies equally probable a priori
               Subparam.  = V

         7 --  Parameter  = V
               Type       = Branch lengths
               Prior      = Unconstrained:GammaDir(1.0,0.1000,1.0,1.0)



      The MCMC sampler will use the following moves:
         With prob.  Chain will use move
            0.93 %   Dirichlet(Revmat)
            0.93 %   Slider(Revmat)
            0.93 %   Dirichlet(Pi)
            0.93 %   Slider(Pi)
            1.85 %   Multiplier(Alpha)
            1.85 %   Slider(Pinvar)
            9.26 %   ExtSPR(Tau,V)
            9.26 %   ExtTBR(Tau,V)
            9.26 %   NNI(Tau,V)
            9.26 %   ParsSPR(Tau,V)
           37.04 %   Multiplier(V)
           12.96 %   Nodeslider(V)
            5.56 %   TLMultiplier(V)

      Division 1 has 614 unique site patterns
      Initializing conditional likelihoods
      Using standard SSE likelihood calculator for division 1 (single-precision)
      Initializing invariable-site conditional likelihoods

      Initial log likelihoods and log prior probs for run 1:
         Chain 1 -- -13201.326713 -- 36.653401
         Chain 2 -- -13131.602800 -- 36.653401
         Chain 3 -- -13750.508202 -- 36.653401
         Chain 4 -- -13260.384506 -- 36.653401

      Initial log likelihoods and log prior probs for run 2:
         Chain 1 -- -12741.631765 -- 36.653401
         Chain 2 -- -13561.846935 -- 36.653401
         Chain 3 -- -13323.364757 -- 36.653401
         Chain 4 -- -13234.165320 -- 36.653401


      Using a relative burnin of 25.0 % for diagnostics

      Chain results (100000 generations requested):

          0 -- [-13201.327] (-13131.603) (-13750.508) (-13260.385) * [-12741.632] (-13561.847) (-13323.365) (-13234.165)
       1000 -- (-10104.098) (-10179.302) (-10182.417) [-10044.694] * [-9991.705] (-10065.667) (-10100.359) (-10140.766) -- 0:03:18
       2000 -- (-9984.543) (-10094.078) (-10016.646) [-9833.536] * (-9928.047) (-9929.901) [-9892.305] (-9974.489) -- 0:02:27
       3000 -- (-9899.097) (-9976.798) (-9893.236) [-9800.795] * (-9891.607) (-9832.057) [-9793.392] (-9872.913) -- 0:02:41
       4000 -- (-9798.015) (-9883.987) (-9803.164) [-9784.244] * (-9773.302) (-9792.258) [-9752.216] (-9770.297) -- 0:02:48
       5000 -- (-9775.634) (-9824.813) (-9782.925) [-9751.433] * (-9755.830) (-9769.639) [-9748.096] (-9766.784) -- 0:02:32

      Average standard deviation of split frequencies: 0.038467

       6000 -- (-9764.998) (-9782.083) [-9744.261] (-9745.024) * [-9747.279] (-9759.416) (-9748.229) (-9758.710) -- 0:02:36
       7000 -- (-9746.228) (-9758.122) [-9740.339] (-9749.909) * [-9746.738] (-9745.980) (-9746.900) (-9747.572) -- 0:02:26
       8000 -- (-9756.727) (-9745.350) (-9753.059) [-9740.848] * [-9741.576] (-9750.840) (-9750.356) (-9751.956) -- 0:02:29
       9000 -- (-9747.969) [-9744.946] (-9739.564) (-9745.242) * [-9751.278] (-9754.191) (-9746.006) (-9750.123) -- 0:02:21
      10000 -- [-9746.334] (-9744.650) (-9739.062) (-9744.926) * (-9756.807) (-9747.037) (-9740.460) [-9749.779] -- 0:02:24

      Average standard deviation of split frequencies: 0.030130

      11000 -- [-9743.554] (-9751.354) (-9748.813) (-9750.768) * [-9748.354] (-9737.953) (-9743.473) (-9741.375) -- 0:02:25
      12000 -- (-9750.542) (-9742.505) [-9750.701] (-9745.530) * (-9757.877) [-9745.582] (-9750.476) (-9759.028) -- 0:02:19
      13000 -- (-9747.160) [-9742.211] (-9740.014) (-9745.940) * [-9742.515] (-9754.020) (-9748.097) (-9751.263) -- 0:02:20
      14000 -- (-9745.490) (-9751.051) [-9738.479] (-9744.861) * [-9750.870] (-9746.956) (-9745.401) (-9751.433) -- 0:02:15
      15000 -- (-9743.923) (-9748.657) (-9753.317) [-9745.357] * (-9756.244) (-9748.909) [-9743.686] (-9754.532) -- 0:02:16

      Average standard deviation of split frequencies: 0.026114

      16000 -- (-9741.035) (-9750.874) [-9745.928] (-9750.374) * (-9745.340) (-9747.633) [-9744.487] (-9744.892) -- 0:02:16
      17000 -- (-9741.098) (-9746.677) [-9749.662] (-9744.870) * [-9747.682] (-9748.267) (-9747.253) (-9750.389) -- 0:02:11
      18000 -- [-9743.115] (-9742.410) (-9747.680) (-9749.486) * (-9743.547) [-9751.057] (-9752.391) (-9753.950) -- 0:02:12
      19000 -- (-9747.732) (-9743.172) (-9750.804) [-9744.723] * (-9744.711) (-9744.713) [-9747.777] (-9754.017) -- 0:02:07
      20000 -- [-9742.753] (-9739.791) (-9743.242) (-9751.441) * [-9737.528] (-9747.180) (-9755.613) (-9749.725) -- 0:02:08

      Average standard deviation of split frequencies: 0.026538

      21000 -- (-9745.806) [-9736.819] (-9742.363) (-9751.975) * [-9744.740] (-9745.088) (-9747.791) (-9750.963) -- 0:02:04
      22000 -- (-9749.665) (-9740.959) (-9743.116) [-9743.036] * [-9743.631] (-9757.431) (-9737.547) (-9754.216) -- 0:02:04
      23000 -- [-9745.676] (-9757.995) (-9749.061) (-9741.680) * [-9738.377] (-9754.962) (-9748.675) (-9751.704) -- 0:02:00
      24000 -- [-9762.922] (-9750.157) (-9744.472) (-9743.478) * (-9747.253) (-9748.495) [-9744.795] (-9749.873) -- 0:02:00
      25000 -- (-9749.525) [-9744.348] (-9750.747) (-9747.554) * (-9759.249) (-9753.687) (-9745.572) [-9751.783] -- 0:02:00

      Average standard deviation of split frequencies: 0.023087

      26000 -- (-9751.517) (-9746.478) (-9751.408) [-9745.139] * (-9747.481) [-9744.595] (-9744.222) (-9754.458) -- 0:01:56
      27000 -- [-9742.154] (-9745.608) (-9746.657) (-9746.368) * (-9749.074) [-9740.398] (-9740.666) (-9756.938) -- 0:01:56
      28000 -- (-9750.599) (-9756.505) [-9746.635] (-9747.964) * (-9753.600) (-9745.377) (-9743.972) [-9748.588] -- 0:01:55
      29000 -- [-9745.602] (-9758.807) (-9746.658) (-9756.613) * (-9752.557) [-9749.180] (-9747.764) (-9744.966) -- 0:01:52
      30000 -- [-9741.580] (-9752.474) (-9747.050) (-9739.726) * (-9741.239) (-9755.427) [-9747.986] (-9750.833) -- 0:01:52

      Average standard deviation of split frequencies: 0.013900

      31000 -- [-9746.170] (-9749.115) (-9755.778) (-9742.993) * (-9751.449) (-9746.582) [-9740.303] (-9744.660) -- 0:01:49
      32000 -- (-9750.642) (-9746.631) (-9765.737) [-9747.126] * [-9753.735] (-9745.626) (-9744.791) (-9745.559) -- 0:01:48
      33000 -- (-9746.518) (-9749.931) [-9745.319] (-9750.117) * (-9754.715) (-9749.671) [-9740.980] (-9755.797) -- 0:01:47
      34000 -- [-9746.417] (-9750.615) (-9746.158) (-9754.653) * (-9748.946) (-9749.321) [-9737.112] (-9750.615) -- 0:01:44
      35000 -- (-9746.638) [-9739.879] (-9751.935) (-9755.727) * (-9758.349) [-9744.729] (-9742.341) (-9751.114) -- 0:01:44

      Average standard deviation of split frequencies: 0.011893

      36000 -- (-9749.656) [-9744.145] (-9754.249) (-9746.960) * (-9749.379) [-9748.818] (-9745.665) (-9747.138) -- 0:01:41
      37000 -- (-9746.027) (-9746.431) (-9749.993) [-9752.500] * (-9746.375) (-9746.366) [-9743.569] (-9738.709) -- 0:01:40
      38000 -- (-9745.429) (-9744.017) [-9749.084] (-9748.879) * [-9739.376] (-9744.157) (-9743.468) (-9748.954) -- 0:01:37
      39000 -- (-9745.772) (-9755.598) (-9745.012) [-9744.210] * (-9747.851) (-9750.583) [-9753.941] (-9755.871) -- 0:01:36
      40000 -- [-9749.603] (-9742.556) (-9745.041) (-9750.945) * [-9744.410] (-9745.465) (-9751.038) (-9750.735) -- 0:01:36

      Average standard deviation of split frequencies: 0.006853

      41000 -- (-9750.771) (-9747.284) [-9743.593] (-9751.041) * (-9744.893) (-9750.511) [-9744.484] (-9741.875) -- 0:01:33
      42000 -- (-9743.646) [-9740.866] (-9747.343) (-9751.532) * (-9759.414) (-9744.239) [-9741.348] (-9748.134) -- 0:01:32
      43000 -- [-9742.399] (-9746.694) (-9742.805) (-9750.399) * (-9743.883) [-9742.290] (-9744.514) (-9744.849) -- 0:01:31
      44000 -- [-9749.190] (-9743.776) (-9743.095) (-9744.380) * [-9746.817] (-9749.154) (-9741.320) (-9751.633) -- 0:01:29
      45000 -- (-9750.361) [-9743.124] (-9748.527) (-9747.556) * (-9752.040) [-9743.050] (-9741.697) (-9745.101) -- 0:01:28

      Average standard deviation of split frequencies: 0.008483

      46000 -- (-9744.130) (-9747.897) [-9742.673] (-9751.309) * (-9751.326) (-9749.217) (-9742.493) [-9752.318] -- 0:01:25
      47000 -- (-9745.784) (-9749.461) [-9744.086] (-9744.781) * (-9749.941) (-9749.575) [-9750.130] (-9748.489) -- 0:01:24
      48000 -- (-9742.026) (-9752.420) [-9745.309] (-9745.774) * (-9757.096) (-9747.671) (-9740.883) [-9746.259] -- 0:01:23
      49000 -- (-9745.590) [-9745.339] (-9745.802) (-9749.109) * [-9744.650] (-9747.611) (-9748.336) (-9745.616) -- 0:01:21
      50000 -- (-9753.107) [-9744.888] (-9739.834) (-9746.809) * (-9746.722) [-9746.788] (-9743.700) (-9746.311) -- 0:01:20

      Average standard deviation of split frequencies: 0.010321

      51000 -- (-9742.800) [-9742.586] (-9743.414) (-9743.644) * (-9742.292) [-9745.386] (-9761.339) (-9750.466) -- 0:01:17
      52000 -- (-9745.363) (-9749.613) [-9749.689] (-9750.810) * (-9752.354) (-9749.982) [-9745.215] (-9747.676) -- 0:01:16
      53000 -- (-9749.006) [-9743.418] (-9749.787) (-9743.868) * (-9747.740) [-9741.935] (-9746.026) (-9752.660) -- 0:01:15
      54000 -- (-9759.856) [-9737.721] (-9747.172) (-9749.646) * (-9746.965) [-9750.317] (-9753.698) (-9750.699) -- 0:01:13
      55000 -- (-9750.499) [-9749.585] (-9771.101) (-9747.658) * [-9748.626] (-9747.551) (-9746.840) (-9750.014) -- 0:01:12

      Average standard deviation of split frequencies: 0.011497

      56000 -- (-9761.641) (-9755.358) (-9750.589) [-9741.692] * (-9746.911) (-9746.932) (-9739.996) [-9748.274] -- 0:01:09
      57000 -- (-9746.642) (-9748.270) [-9746.003] (-9748.593) * [-9742.474] (-9743.142) (-9750.766) (-9757.099) -- 0:01:08
      58000 -- (-9741.758) (-9747.702) [-9740.105] (-9746.994) * (-9743.138) (-9745.103) (-9757.229) [-9747.587] -- 0:01:07
      59000 -- (-9745.151) (-9751.084) (-9755.846) [-9747.877] * (-9755.448) (-9751.324) [-9755.797] (-9745.142) -- 0:01:05
      60000 -- [-9740.971] (-9747.862) (-9747.993) (-9755.305) * (-9755.533) (-9744.155) (-9749.623) [-9749.899] -- 0:01:04

      Average standard deviation of split frequencies: 0.008837

      61000 -- [-9745.245] (-9743.370) (-9746.796) (-9754.272) * (-9746.651) (-9750.536) [-9749.975] (-9744.205) -- 0:01:02
      62000 -- (-9741.073) [-9739.359] (-9748.836) (-9746.109) * (-9744.790) (-9741.507) (-9752.131) [-9745.232] -- 0:01:00
      63000 -- (-9744.071) (-9750.070) (-9747.109) [-9749.563] * (-9750.683) (-9749.140) [-9744.122] (-9749.940) -- 0:00:58
      64000 -- (-9746.781) (-9748.366) (-9743.610) [-9744.442] * (-9743.419) (-9743.635) [-9743.117] (-9752.946) -- 0:00:57
      65000 -- [-9745.593] (-9744.665) (-9746.397) (-9751.838) * (-9749.315) (-9752.298) (-9749.492) [-9750.523] -- 0:00:56

      Average standard deviation of split frequencies: 0.005728

      66000 -- [-9746.535] (-9749.659) (-9751.324) (-9756.597) * (-9761.458) (-9747.167) (-9744.506) [-9748.369] -- 0:00:54
      67000 -- (-9747.507) (-9744.465) [-9741.942] (-9751.587) * [-9743.442] (-9743.694) (-9746.297) (-9745.571) -- 0:00:52
      68000 -- [-9740.928] (-9748.934) (-9748.394) (-9745.311) * (-9744.109) (-9748.676) [-9745.309] (-9739.346) -- 0:00:50
      69000 -- [-9740.979] (-9753.949) (-9744.210) (-9750.962) * (-9745.380) (-9749.770) (-9745.345) [-9747.406] -- 0:00:49
      70000 -- [-9751.235] (-9742.973) (-9750.817) (-9759.749) * (-9740.206) [-9742.094] (-9748.693) (-9746.509) -- 0:00:47

      Average standard deviation of split frequencies: 0.006049

      71000 -- (-9749.413) (-9746.394) [-9747.620] (-9751.661) * [-9739.118] (-9748.875) (-9749.391) (-9753.620) -- 0:00:46
      72000 -- (-9750.809) [-9742.678] (-9746.115) (-9748.929) * (-9745.479) [-9739.487] (-9748.074) (-9748.280) -- 0:00:44
      73000 -- [-9744.620] (-9766.501) (-9747.757) (-9745.500) * (-9741.312) (-9739.298) (-9739.500) [-9742.050] -- 0:00:42
      74000 -- [-9743.735] (-9745.625) (-9743.411) (-9747.471) * (-9751.068) [-9742.007] (-9746.379) (-9746.984) -- 0:00:41
      75000 -- (-9742.162) (-9755.727) (-9743.424) [-9743.629] * (-9749.042) [-9743.024] (-9741.754) (-9753.219) -- 0:00:39

      Average standard deviation of split frequencies: 0.004944

      76000 -- [-9742.306] (-9748.423) (-9748.089) (-9750.884) * (-9746.866) (-9748.415) [-9746.838] (-9756.097) -- 0:00:38
      77000 -- (-9747.078) (-9747.315) [-9744.292] (-9741.325) * [-9743.437] (-9736.467) (-9751.124) (-9740.669) -- 0:00:36
      78000 -- [-9746.683] (-9748.189) (-9746.574) (-9747.103) * (-9764.548) [-9748.080] (-9751.963) (-9741.525) -- 0:00:34
      79000 -- (-9743.306) (-9744.032) [-9746.838] (-9745.665) * (-9744.868) (-9751.013) (-9747.334) [-9742.253] -- 0:00:33
      80000 -- (-9743.816) (-9749.798) [-9751.899] (-9740.788) * (-9745.106) (-9750.373) (-9747.863) [-9743.859] -- 0:00:31

      Average standard deviation of split frequencies: 0.005941

      81000 -- [-9741.007] (-9743.301) (-9746.751) (-9749.693) * [-9744.919] (-9752.268) (-9746.718) (-9741.683) -- 0:00:30
      82000 -- (-9743.545) (-9735.427) [-9746.287] (-9750.408) * (-9746.163) (-9750.795) [-9743.482] (-9743.778) -- 0:00:28
      83000 -- [-9750.754] (-9741.952) (-9743.001) (-9753.146) * (-9742.075) [-9745.108] (-9756.143) (-9750.008) -- 0:00:27
      84000 -- (-9745.407) (-9746.608) [-9747.654] (-9751.387) * (-9749.155) (-9743.025) [-9739.684] (-9754.848) -- 0:00:25
      85000 -- (-9745.049) [-9744.989] (-9745.312) (-9753.001) * (-9747.685) (-9748.623) [-9740.521] (-9761.102) -- 0:00:23

      Average standard deviation of split frequencies: 0.008475

      86000 -- [-9749.516] (-9746.030) (-9746.921) (-9749.010) * (-9744.030) (-9752.165) (-9752.896) [-9743.800] -- 0:00:22
      87000 -- [-9746.447] (-9746.314) (-9749.336) (-9753.757) * (-9751.498) (-9746.270) (-9755.667) [-9743.607] -- 0:00:20
      88000 -- [-9745.403] (-9755.715) (-9749.414) (-9757.405) * (-9748.147) [-9738.002] (-9748.299) (-9747.101) -- 0:00:19
      89000 -- (-9753.521) (-9751.148) (-9748.733) [-9746.185] * [-9744.263] (-9742.775) (-9753.160) (-9746.132) -- 0:00:17
      90000 -- (-9754.765) (-9748.908) [-9742.221] (-9744.074) * (-9743.612) [-9744.349] (-9743.680) (-9752.924) -- 0:00:15

      Average standard deviation of split frequencies: 0.008772

      91000 -- (-9761.709) [-9746.427] (-9741.040) (-9745.244) * [-9742.295] (-9745.011) (-9747.674) (-9743.041) -- 0:00:14
      92000 -- (-9748.019) [-9743.077] (-9750.409) (-9740.267) * (-9753.327) (-9754.509) [-9744.251] (-9751.977) -- 0:00:12
      93000 -- [-9749.817] (-9738.401) (-9749.915) (-9748.535) * [-9746.692] (-9753.220) (-9768.947) (-9745.624) -- 0:00:11
      94000 -- (-9757.237) (-9750.241) (-9751.205) [-9745.928] * (-9750.117) [-9742.071] (-9753.031) (-9747.234) -- 0:00:09
      95000 -- (-9750.320) (-9744.215) (-9743.243) [-9741.316] * (-9743.664) (-9745.305) [-9752.487] (-9748.318) -- 0:00:07

      Average standard deviation of split frequencies: 0.008707

      96000 -- [-9742.794] (-9746.998) (-9745.541) (-9751.905) * (-9746.528) (-9747.235) [-9746.154] (-9747.913) -- 0:00:06
      97000 -- (-9757.573) (-9745.418) [-9739.613] (-9752.684) * (-9744.189) (-9744.657) [-9747.053] (-9739.917) -- 0:00:04
      98000 -- (-9752.660) (-9743.847) (-9740.962) [-9745.466] * [-9745.204] (-9743.391) (-9756.715) (-9742.040) -- 0:00:03
      99000 -- (-9742.383) (-9746.589) [-9741.247] (-9750.304) * (-9742.428) (-9742.007) (-9744.154) [-9743.244] -- 0:00:01
      100000 -- (-9750.588) [-9745.706] (-9744.498) (-9749.013) * (-9746.987) (-9744.213) [-9741.262] (-9743.049) -- 0:00:00

      Average standard deviation of split frequencies: 0.007078

      Analysis completed in 2 mins 39 seconds
      Analysis used 158.68 seconds of CPU time
      Likelihood of best state for "cold" chain of run 1 was -9734.63
      Likelihood of best state for "cold" chain of run 2 was -9734.94

      Acceptance rates for the moves in the "cold" chain of run 1:
         With prob.   (last 100)   chain accepted proposals by move
            24.6 %     ( 32 %)     Dirichlet(Revmat)
            51.4 %     ( 55 %)     Slider(Revmat)
             7.9 %     ( 12 %)     Dirichlet(Pi)
            19.5 %     ( 25 %)     Slider(Pi)
            47.4 %     ( 41 %)     Multiplier(Alpha)
            50.7 %     ( 48 %)     Slider(Pinvar)
            16.8 %     ( 19 %)     ExtSPR(Tau,V)
             9.0 %     (  9 %)     ExtTBR(Tau,V)
            19.0 %     ( 23 %)     NNI(Tau,V)
            21.8 %     ( 15 %)     ParsSPR(Tau,V)
            28.1 %     ( 30 %)     Multiplier(V)
            19.7 %     ( 22 %)     Nodeslider(V)
            13.0 %     ( 16 %)     TLMultiplier(V)

      Acceptance rates for the moves in the "cold" chain of run 2:
         With prob.   (last 100)   chain accepted proposals by move
            24.4 %     ( 19 %)     Dirichlet(Revmat)
            50.2 %     ( 53 %)     Slider(Revmat)
             6.1 %     (  4 %)     Dirichlet(Pi)
            20.1 %     ( 20 %)     Slider(Pi)
            46.0 %     ( 39 %)     Multiplier(Alpha)
            51.2 %     ( 47 %)     Slider(Pinvar)
            16.8 %     ( 18 %)     ExtSPR(Tau,V)
             8.9 %     ( 10 %)     ExtTBR(Tau,V)
            18.7 %     ( 19 %)     NNI(Tau,V)
            22.5 %     ( 26 %)     ParsSPR(Tau,V)
            28.4 %     ( 25 %)     Multiplier(V)
            20.4 %     ( 21 %)     Nodeslider(V)
            13.4 %     ( 23 %)     TLMultiplier(V)

      Chain swap information for run 1:

                  1      2      3      4
           ------------------------------
         1 |          0.76   0.58   0.45
         2 |  16712          0.78   0.60
         3 |  16570  16732          0.79
         4 |  16718  16772  16496

      Chain swap information for run 2:

                  1      2      3      4
           ------------------------------
         1 |          0.77   0.59   0.46
         2 |  16621          0.79   0.62
         3 |  16558  16702          0.80
         4 |  16585  16834  16700

      Upper diagonal: Proportion of successful state exchanges between chains
      Lower diagonal: Number of attempted state exchanges between chains

      Chain information:

        ID -- Heat
       -----------
         1 -- 1.00  (cold chain)
         2 -- 0.91
         3 -- 0.83
         4 -- 0.77

      Heat = 1 / (1 + T * (ID - 1))
         (where T = 0.10 is the temperature and ID is the chain number)

      Setting sumt conformat to Simple
      Setting urn-in to 250
      Summarizing trees in files "input.nexus.compute.run1.t" and "input.nexus.compute.run2.t"
      Using relative burnin ('relburnin=yes'), discarding the first 25 % of sampled trees
      Writing statistics to files input.nexus.compute.<parts|tstat|vstat|trprobs|con>
      Examining first file ...
      Found one tree block in file "input.nexus.compute.run1.t" with 10001 trees in last block
      Expecting the same number of trees in the last tree block of all files

      Tree reading status:

      0      10      20      30      40      50      60      70      80      90     100
      v-------v-------v-------v-------v-------v-------v-------v-------v-------v-------v
      *********************************************************************************

      Read a total of 20002 trees in 2 files (sampling 15002 of them)
         (Each file contained 10001 trees of which 7501 were sampled)

      General explanation:

      In an unrooted tree, a taxon bipartition (split) is specified by removing a
      branch, thereby dividing the species into those to the left and those to the
      right of the branch. Here, taxa to one side of the removed branch are denoted
      '.' and those to the other side are denoted '*'. Specifically, the '.' symbol
      is used for the taxa on the same side as the outgroup.

      In a rooted or clock tree, the tree is rooted using the model and not by
      reference to an outgroup. Each bipartition therefore corresponds to a clade,
      that is, a group that includes all the descendants of a particular branch in
      the tree.  Taxa that are included in each clade are denoted using '*', and
      taxa that are not included are denoted using the '.' symbol.

      The output first includes a key to all the bipartitions with frequency larger
      or equual to (Minpartfreq) in at least one run. Minpartfreq is a parameter to
      sumt command and currently it is set to 0.10.  This is followed by a table
      with statistics for the informative bipartitions (those including at least
      two taxa), sorted from highest to lowest probability. For each bipartition,
      the table gives the number of times the partition or split was observed in all
      runs (#obs) and the posterior probability of the bipartition (Probab.), which
      is the same as the split frequency. If several runs are summarized, this is
      followed by the minimum split frequency (Min(s)), the maximum frequency
      (Max(s)), and the standard deviation of frequencies (Stddev(s)) across runs.
      The latter value should approach 0 for all bipartitions as MCMC runs converge.

      This is followed by a table summarizing branch lengths, node heights (if a
      clock model was used) and relaxed clock parameters (if a relaxed clock model
      was used). The mean, variance, and 95 % credible interval are given for each
      of these parameters. If several runs are summarized, the potential scale
      reduction factor (PSRF) is also given; it should approach 1 as runs converge.
      Node heights will take calibration points into account, if such points were
      used in the analysis.

      Note that Stddev may be unreliable if the partition is not present in all
      runs (the last column indicates the number of runs that sampled the partition
      if more than one run is summarized). The PSRF is not calculated at all if
      the partition is not present in all runs.The PSRF is also sensitive to small
      sample sizes and it should only be considered a rough guide to convergence
      since some of the assumptions allowing one to interpret it as a true potential
      scale reduction factor are violated in MrBayes.

      List of taxa in bipartitions:

         1 -- Kla_AB0397
         2 -- Agos_ATCC
         3 -- Scer_74-D6
         4 -- Sbou_uniqu
         5 -- Scer_beer0
         6 -- Spar_A12_L
         7 -- Smik_IFO18
         8 -- Sarb_H-6_c
         9 -- Skud_IFO18
        10 -- Seub_CBS12

      Key to taxon bipartitions (saved to file "input.nexus.compute.parts"):

      ID -- Partition
      ----------------
       1 -- .*********
       2 -- .*........
       3 -- ..*.......
       4 -- ...*......
       5 -- ....*.....
       6 -- .....*....
       7 -- ......*...
       8 -- .......*..
       9 -- ........*.
      10 -- .........*
      11 -- ..****....
      12 -- ..********
      13 -- ..***.....
      14 -- ..*****...
      15 -- .......*.*
      16 -- ..*****.*.
      17 -- ..**......
      18 -- ...**.....
      19 -- ..*.*.....
      20 -- .......***
      21 -- ..*******.
      22 -- ..******.*
      ----------------

      Summary statistics for informative taxon bipartitions
         (saved to file "input.nexus.compute.tstat"):

      ID   #obs     Probab.     Sd(s)+      Min(s)      Max(s)   Nruns
      -----------------------------------------------------------------
      11  15002    1.000000    0.000000    1.000000    1.000000    2
      12  15002    1.000000    0.000000    1.000000    1.000000    2
      13  15002    1.000000    0.000000    1.000000    1.000000    2
      14  14999    0.999800    0.000283    0.999600    1.000000    2
      15  10774    0.718171    0.016214    0.706706    0.729636    2
      16   8281    0.551993    0.015554    0.540995    0.562992    2
      17   6098    0.406479    0.011124    0.398614    0.414345    2
      18   4504    0.300227    0.003582    0.297694    0.302760    2
      19   4400    0.293294    0.007541    0.287962    0.298627    2
      20   4355    0.290295    0.015743    0.279163    0.301426    2
      21   3875    0.258299    0.014800    0.247834    0.268764    2
      22   2361    0.157379    0.000094    0.157312    0.157446    2
      -----------------------------------------------------------------
      + Convergence diagnostic (standard deviation of split frequencies)
        should approach 0.0 as runs converge.


      Summary statistics for branch and node parameters
         (saved to file "input.nexus.compute.vstat"):

                                              95% HPD Interval
                                            --------------------
      Parameter      Mean       Variance     Lower       Upper       Median     PSRF+  Nruns
      --------------------------------------------------------------------------------------
      length[1]     0.257363    0.001188    0.195283    0.330268    0.255908    1.003    2
      length[2]     0.343287    0.001565    0.268580    0.421584    0.343284    1.000    2
      length[3]     0.000961    0.000000    0.000002    0.002244    0.000814    1.000    2
      length[4]     0.000931    0.000000    0.000040    0.002308    0.000763    1.001    2
      length[5]     0.002417    0.000001    0.000489    0.004626    0.002247    1.000    2
      length[6]     0.032911    0.000031    0.022139    0.043516    0.032772    1.002    2
      length[7]     0.074020    0.000070    0.056447    0.089554    0.073699    1.000    2
      length[8]     0.077029    0.000084    0.060361    0.095836    0.076650    1.001    2
      length[9]     0.097304    0.000122    0.076166    0.118426    0.097436    1.000    2
      length[10]    0.096615    0.000149    0.070026    0.118707    0.096634    1.000    2
      length[11]    0.035481    0.000039    0.023628    0.047533    0.035110    1.000    2
      length[12]    0.321587    0.001478    0.247653    0.398307    0.319645    1.001    2
      length[13]    0.046911    0.000040    0.034819    0.059218    0.046727    1.001    2
      length[14]    0.030607    0.000063    0.014803    0.046315    0.030665    1.001    2
      length[15]    0.015467    0.000043    0.002044    0.027309    0.015457    1.000    2
      length[16]    0.013146    0.000046    0.000009    0.024590    0.013110    1.000    2
      length[17]    0.000681    0.000000    0.000000    0.001978    0.000493    1.001    2
      length[18]    0.000535    0.000000    0.000000    0.001583    0.000373    1.001    2
      length[19]    0.000542    0.000000    0.000000    0.001603    0.000377    1.000    2
      length[20]    0.010616    0.000040    0.000003    0.022259    0.010031    1.002    2
      length[21]    0.014958    0.000070    0.000098    0.030116    0.013936    1.004    2
      length[22]    0.010676    0.000060    0.000007    0.025303    0.009332    1.004    2
      --------------------------------------------------------------------------------------
      + Convergence diagnostic (PSRF = Potential Scale Reduction Factor; Gelman
        and Rubin, 1992) should approach 1.0 as runs converge. NA is reported when
        deviation of parameter values within all runs is 0 or when a parameter
        value (a branch length, for instance) is not sampled in all runs.


      Summary statistics for partitions with frequency >= 0.10 in at least one run:
          Average standard deviation of split frequencies = 0.007078
          Maximum standard deviation of split frequencies = 0.016214
          Average PSRF for parameter values (excluding NA and >10.0) = 1.001
          Maximum PSRF for parameter values = 1.004


      Clade credibility values:

      /--------------------------------------------------------------- Kla_AB0397 (1)
      |
      |--------------------------------------------------------------- Agos_ATCC (2)
      |
      |                                                    /---------- Scer_74-D6 (3)
      |                                                    |
      |                                         /----100---+---------- Sbou_uniqu (4)
      |                                         |          |
      +                               /---100---+          \---------- Scer_beer0 (5)
      |                               |         |
      |                    /----100---+         \--------------------- Spar_A12_L (6)
      |                    |          |
      |          /----55---+          \------------------------------- Smik_IFO18 (7)
      |          |         |
      |          |         \------------------------------------------ Skud_IFO18 (9)
      \----100---+
                 |                                         /---------- Sarb_H-6_c (8)
                 \--------------------72-------------------+
                                                           \---------- Seub_CBS12 (10)


      Phylogram (based on average branch lengths):

      /------------------------------------- Kla_AB0397 (1)
      |
      |-------------------------------------------------- Agos_ATCC (2)
      |
      |                                                                / Scer_74-D6 (3)
      |                                                                |
      |                                                         /------+ Sbou_uniqu (4)
      |                                                         |      |
      +                                                    /----+      \ Scer_beer0 (5)
      |                                                    |    |
      |                                               /----+    \----- Spar_A12_L (6)
      |                                               |    |
      |                                             /-+    \---------- Smik_IFO18 (7)
      |                                             | |
      |                                             | \-------------- Skud_IFO18 (9)
      \---------------------------------------------+
                                                    |  /----------- Sarb_H-6_c (8)
                                                    \--+
                                                       \-------------- Seub_CBS12 (10)

      |-------------| 0.100 expected changes per site

      Calculating tree probabilities...

      Credible sets of trees (25 trees sampled):
         50 % credible set contains 5 trees
         90 % credible set contains 11 trees
         95 % credible set contains 12 trees
         99 % credible set contains 14 trees

   Exiting mrbayes block
   Reached end of file

   Tasks completed, exiting program because mode is noninteractive
   To return control to the command line after completion of file processing,
   set mode to interactive with 'mb -i <filename>' (i is for interactive)
   or use 'set mode=interactive'
