
RAxML-NG v. 1.0.1 released on 19.09.2020 by The Exelixis Lab.
Developed by: Alexey M. Kozlov and Alexandros Stamatakis.
Contributors: Diego Darriba, Tomas Flouri, Benoit Morel, Sarah Lutteropp, Ben Bettisworth.
Latest version: https://github.com/amkozlov/raxml-ng
Questions/problems/suggestions? Please visit: https://groups.google.com/forum/#!forum/raxml

System: AMD Opteron(TM) Processor 6272, 32 cores, 125 GB RAM

RAxML-NG was called at 19-Oct-2020 22:14:30 as follows:

raxml-ng --support --tree raxml/NADH/NADH.raxml.bestTree --bs-trees raxml/NADH/NADH.raxml.bootstraps --prefix raxml/NADH/NADH_supported --seed 42 --outgroup KC870882.1_Dicamptodon_copei

Analysis options:
  run mode: Compute bipartition support (Felsenstein Bootstrap)
  start tree(s): user
  outgroup taxa: KC870882.1_Dicamptodon_copei
  random seed: 42
  SIMD kernels: AVX
  parallelization: coarse-grained (auto), PTHREADS (auto)

Reading reference tree from file: raxml/NADH/NADH.raxml.bestTree
Reference tree size: 10

Reading bootstrap trees from file: raxml/NADH/NADH.raxml.bootstraps
Loaded 100 trees with 10 taxa.

Best ML tree with Felsenstein bootstrap (FBP) support values saved to: /mnt/tank/scratch/mfiruleva/phylo/raxml/NADH/NADH_supported.raxml.support

Execution log saved to: /mnt/tank/scratch/mfiruleva/phylo/raxml/NADH/NADH_supported.raxml.log

Analysis started: 19-Oct-2020 22:14:30 / finished: 19-Oct-2020 22:14:30

Elapsed time: 0.034 seconds

