


 CLUSTAL 2.1 Multiple Sequence Alignments


Sequence format is Pearson
Sequence 1: SUP35_Kla_AB039749                      2103 bp
Sequence 2: SUP35_Agos_ATCC_10895_NM_211584         2076 bp
Sequence 3: SUP35_Scer_74-D694_GCA_001578265.1      2058 bp
Sequence 4: SUP35_Spar_A12_Liti                     2046 bp
Sequence 5: SUP35_Smik_IFO1815T_30                  2046 bp
Sequence 6: SUP35_Skud_IFO1802T_36                  2037 bp
Sequence 7: SUP35_Sbou_unique28_CM003560            2058 bp
Sequence 8: SUP35_Scer_beer078_CM005938             2001 bp
Sequence 9: SUP35_Sarb_H-6_chrXIII_CM001575         2043 bp
Sequence 10: SUP35_Seub_CBS12357_chr_II_IV_DF968535  2025 bp
Start of Pairwise alignments
Aligning...

Sequences (1:2) Aligned. Score:  70
Sequences (1:3) Aligned. Score:  71
Sequences (1:4) Aligned. Score:  71
Sequences (1:5) Aligned. Score:  71
Sequences (1:6) Aligned. Score:  71
Sequences (1:7) Aligned. Score:  71
Sequences (1:8) Aligned. Score:  69
Sequences (1:9) Aligned. Score:  62
Sequences (1:10) Aligned. Score:  73
Sequences (2:3) Aligned. Score:  66
Sequences (2:4) Aligned. Score:  69
Sequences (2:5) Aligned. Score:  69
Sequences (2:6) Aligned. Score:  69
Sequences (2:7) Aligned. Score:  66
Sequences (2:8) Aligned. Score:  70
Sequences (2:9) Aligned. Score:  69
Sequences (2:10) Aligned. Score:  69
Sequences (3:4) Aligned. Score:  93
Sequences (3:5) Aligned. Score:  88
Sequences (3:6) Aligned. Score:  85
Sequences (3:7) Aligned. Score:  99
Sequences (3:8) Aligned. Score:  99
Sequences (3:9) Aligned. Score:  86
Sequences (3:10) Aligned. Score:  84
Sequences (4:5) Aligned. Score:  89
Sequences (4:6) Aligned. Score:  86
Sequences (4:7) Aligned. Score:  93
Sequences (4:8) Aligned. Score:  93
Sequences (4:9) Aligned. Score:  87
Sequences (4:10) Aligned. Score:  84
Sequences (5:6) Aligned. Score:  85
Sequences (5:7) Aligned. Score:  88
Sequences (5:8) Aligned. Score:  88
Sequences (5:9) Aligned. Score:  86
Sequences (5:10) Aligned. Score:  84
Sequences (6:7) Aligned. Score:  85
Sequences (6:8) Aligned. Score:  85
Sequences (6:9) Aligned. Score:  86
Sequences (6:10) Aligned. Score:  85
Sequences (7:8) Aligned. Score:  99
Sequences (7:9) Aligned. Score:  86
Sequences (7:10) Aligned. Score:  84
Sequences (8:9) Aligned. Score:  85
Sequences (8:10) Aligned. Score:  84
Sequences (9:10) Aligned. Score:  86
Guide tree file created:   [data/SUP35_10seqs.dnd]

There are 9 groups
Start of Multiple Alignment

Aligning...
Group 1: Sequences:   2      Score:37600
Group 2: Sequences:   3      Score:38275
Group 3: Sequences:   4      Score:36568
Group 4: Sequences:   5      Score:35737
Group 5: Sequences:   6      Score:35113
Group 6: Sequences:   7      Score:34950
Group 7: Sequences:   8      Score:34414
Group 8: Sequences:   2      Score:29300
Group 9: Sequences:  10      Score:27647
Alignment Score 471014

CLUSTAL-Alignment file created  [data/SUP35_10seqs.aln]

